<?xml version="1.0" encoding="UTF-8" standalone="no"?>
<testsuite failures="0" name="cucumber.runtime.formatter.JUnitFormatter" skipped="0" tests="1" time="18.70242">
    <testcase classname="Shaadi Login Feature" name="Shaadi.com Login Test Scenario" time="18.70242">
        <system-out>
            <![CDATA[Given User is already on Login Page.........................................passed
When User clicks on the Login Button........................................passed
Then User enters userName and password on signin page.......................passed
Then User clicks on Signin button on signin page............................passed
Then User is moved to Home Page.............................................passed
]]>
        </system-out>
    </testcase>
</testsuite>
